#
# A fatal error has been detected by the Java Runtime Environment:
#
#  EXCEPTION_ACCESS_VIOLATION (0xc0000005) at pc=0x000000006a59dcb0, pid=7088, tid=0x00000000000014f0
#
# JRE version: Java(TM) SE Runtime Environment (8.0_251-b08) (build 1.8.0_251-b08)
# Java VM: Java HotSpot(TM) 64-Bit Server VM (25.251-b08 mixed mode windows-amd64 compressed oops)
# Problematic frame:
# V  [jvm.dll+0xedcb0]
#
# Failed to write core dump. Minidumps are not enabled by default on client versions of Windows
#
# If you would like to submit a bug report, please visit:
#   http://bugreport.java.com/bugreport/crash.jsp
#

---------------  T H R E A D  ---------------

Current thread (0x0000000058133800):  JavaThread "background-preinit" [_thread_in_vm, id=5360, stack(0x000000005a490000,0x000000005a590000)]

siginfo: ExceptionCode=0xc0000005, writing address 0x0000000000000012

Registers:
RAX=0x0000000000000012, RBX=0x0000000000000000, RCX=0x0000000000000012, RDX=0x0000000000000000
RSP=0x000000005a58e298, RBP=0x00000000000007ff, RSI=0x00000000ebcdcd38, RDI=0x0000000000000011
R8 =0x0000000000000011, R9 =0x0000000000000011, R10=0x00000000ebcdcd10, R11=0x0000000000000000
R12=0x0000000000000000, R13=0x0000000057060230, R14=0x0000000057060240, R15=0x0000000057060618
RIP=0x000000006a59dcb0, EFLAGS=0x0000000000010246

Top of Stack: (sp=0x000000005a58e298)
0x000000005a58e298:   000000006a72fa88 00000000000000d8
0x000000005a58e2a8:   000000005a58f498 0000000014335460
0x000000005a58e2b8:   00000000549d4848 00000000ebcdcd10
0x000000005a58e2c8:   000000006a5f6c5f 0000000000000011
0x000000005a58e2d8:   000000005813c800 0000000058133800
0x000000005a58e2e8:   000000006a6c5b80 0000000000000000
0x000000005a58e2f8:   000000006a5f5eae 0000000058133800
0x000000005a58e308:   0000000000000000 000000005a58e5a0
0x000000005a58e318:   000000006a5f5cfc 0000000000000011
0x000000005a58e328:   00000000581339f8 0000000000000000
0x000000005a58e338:   000000005a58e480 000000005a58e380
0x000000005a58e348:   000007fef98c13fe 00000000000003d8
0x000000005a58e358:   00000000ebcdcd00 000000005a58e490
0x000000005a58e368:   0000000000000000 000000005a58e380
0x000000005a58e378:   0000000058133800 0000000014335460
0x000000005a58e388:   0000000014335460 00000000549d4848 

Instructions: (pc=0x000000006a59dcb0)
0x000000006a59dc90:   48 8b 6c 24 30 89 1f 48 8b 5c 24 38 48 8b 74 24
0x000000006a59dca0:   40 48 83 c4 20 5f c3 cc cc cc cc cc cc cc cc cc
0x000000006a59dcb0:   48 89 5c 24 08 57 48 83 ec 20 48 8b f9 8b 0d f5
0x000000006a59dcc0:   2f 6d 00 8b da ff 15 25 97 4f 00 44 8b c3 48 8b 


Register to memory mapping:

RAX=0x0000000000000012 is an unknown value
RBX=0x0000000000000000 is an unknown value
RCX=0x0000000000000012 is an unknown value
RDX=0x0000000000000000 is an unknown value
RSP=0x000000005a58e298 is pointing into the stack for thread: 0x0000000058133800
RBP=0x00000000000007ff is an unknown value
RSI=0x00000000ebcdcd38 is an oop

[error occurred during error reporting (printing register info), id 0xc0000005]

Stack: [0x000000005a490000,0x000000005a590000],  sp=0x000000005a58e298,  free space=1016k
Native frames: (J=compiled Java code, j=interpreted, Vv=VM code, C=native code)
V  [jvm.dll+0xedcb0]
V  [jvm.dll+0x27fa88]
V  [jvm.dll+0x146c5f]
C  [java.dll+0x13fe]
C  0x0000000002b5238d

Java frames: (J=compiled Java code, j=interpreted, Vv=VM code)
J 943  java.lang.Class.forName0(Ljava/lang/String;ZLjava/lang/ClassLoader;Ljava/lang/Class;)Ljava/lang/Class; (0 bytes) @ 0x0000000002b52307 [0x0000000002b52280+0x87]
J 973 C1 java.lang.Class.forName(Ljava/lang/String;ZLjava/lang/ClassLoader;)Ljava/lang/Class; (53 bytes) @ 0x0000000002b626a4 [0x0000000002b62180+0x524]
J 1614 C1 sun.reflect.generics.visitor.Reifier.visitClassTypeSignature(Lsun/reflect/generics/tree/ClassTypeSignature;)V (381 bytes) @ 0x0000000002d6a2fc [0x0000000002d69ee0+0x41c]
J 1049 C1 sun.reflect.generics.tree.ClassTypeSignature.accept(Lsun/reflect/generics/visitor/TypeTreeVisitor;)V (8 bytes) @ 0x0000000002ba328c [0x0000000002ba31c0+0xcc]
j  sun.reflect.generics.visitor.Reifier.reifyTypeArguments([Lsun/reflect/generics/tree/TypeArgument;)[Ljava/lang/reflect/Type;+18
J 1614 C1 sun.reflect.generics.visitor.Reifier.visitClassTypeSignature(Lsun/reflect/generics/tree/ClassTypeSignature;)V (381 bytes) @ 0x0000000002d6a33c [0x0000000002d69ee0+0x45c]
J 1049 C1 sun.reflect.generics.tree.ClassTypeSignature.accept(Lsun/reflect/generics/visitor/TypeTreeVisitor;)V (8 bytes) @ 0x0000000002ba328c [0x0000000002ba31c0+0xcc]
j  sun.reflect.generics.repository.ClassRepository.getSuperclass()Ljava/lang/reflect/Type;+25
J 1675 C1 java.lang.Class.getGenericSuperclass()Ljava/lang/reflect/Type; (28 bytes) @ 0x0000000002da6044 [0x0000000002da5e60+0x1e4]
j  org.hibernate.validator.internal.util.TypeHelper.resolveTypeForClassAndHierarchy(Ljava/util/Map;Ljava/lang/Class;)Ljava/lang/reflect/Type;+2
J 1672 C1 org.hibernate.validator.internal.util.TypeHelper.resolveTypes(Ljava/util/Map;Ljava/lang/reflect/Type;)Ljava/lang/reflect/Type; (149 bytes) @ 0x0000000002da3f6c [0x0000000002da3cc0+0x2ac]
j  org.hibernate.validator.internal.util.TypeHelper.extractConstraintValidatorTypeArgumentType(Ljava/lang/Class;I)Ljava/lang/reflect/Type;+10
j  org.hibernate.validator.internal.util.TypeHelper.extractValidatedType(Ljava/lang/Class;)Ljava/lang/reflect/Type;+2
j  org.hibernate.validator.internal.engine.constraintvalidation.ClassBasedValidatorDescriptor.<init>(Ljava/lang/Class;)V+11
j  org.hibernate.validator.internal.engine.constraintvalidation.ClassBasedValidatorDescriptor.ofBuiltin(Ljava/lang/Class;Ljava/lang/Class;)Lorg/hibernate/validator/internal/engine/constraintvalidation/ClassBasedValidatorDescriptor;+5
j  org.hibernate.validator.internal.engine.constraintvalidation.ConstraintValidatorDescriptor.forBuiltinClass(Ljava/lang/Class;Ljava/lang/Class;)Lorg/hibernate/validator/internal/engine/constraintvalidation/ConstraintValidatorDescriptor;+2
j  org.hibernate.validator.internal.metadata.core.ConstraintHelper.putBuiltinConstraints(Ljava/util/Map;Ljava/lang/Class;Ljava/util/List;)V+48
j  org.hibernate.validator.internal.metadata.core.ConstraintHelper.<init>(Ljava/util/Set;)V+976
j  org.hibernate.validator.internal.metadata.core.ConstraintHelper.forAllBuiltinConstraints()Lorg/hibernate/validator/internal/metadata/core/ConstraintHelper;+17
j  org.hibernate.validator.internal.engine.ValidatorFactoryImpl.<init>(Ljavax/validation/spi/ConfigurationState;)V+202
j  org.hibernate.validator.HibernateValidator.buildValidatorFactory(Ljavax/validation/spi/ConfigurationState;)Ljavax/validation/ValidatorFactory;+5
j  org.hibernate.validator.internal.engine.AbstractConfigurationImpl.buildValidatorFactory()Ljavax/validation/ValidatorFactory;+211
j  org.springframework.boot.autoconfigure.BackgroundPreinitializer$ValidationInitializer.run()V+10
j  org.springframework.boot.autoconfigure.BackgroundPreinitializer$1.runSafely(Ljava/lang/Runnable;)V+1
j  org.springframework.boot.autoconfigure.BackgroundPreinitializer$1.run()V+21
j  java.lang.Thread.run()V+11
v  ~StubRoutines::call_stub

---------------  P R O C E S S  ---------------

Java Threads: ( => current thread )
=>0x0000000058133800 JavaThread "background-preinit" [_thread_in_vm, id=5360, stack(0x000000005a490000,0x000000005a590000)]
  0x0000000058719800 JavaThread "restartedMain" [_thread_blocked, id=5980, stack(0x00000000563d0000,0x00000000564d0000)]
  0x0000000058700800 JavaThread "Thread-0" [_thread_blocked, id=6484, stack(0x0000000058dc0000,0x0000000058ec0000)]
  0x0000000057066000 JavaThread "Service Thread" daemon [_thread_blocked, id=3892, stack(0x00000000578a0000,0x00000000579a0000)]
  0x000000005705a000 JavaThread "C1 CompilerThread1" daemon [_thread_blocked, id=4368, stack(0x0000000057700000,0x0000000057800000)]
  0x0000000057057000 JavaThread "C2 CompilerThread0" daemon [_thread_blocked, id=6244, stack(0x00000000575a0000,0x00000000576a0000)]
  0x0000000054c0f000 JavaThread "JDWP Command Reader" daemon [_thread_in_native, id=3536, stack(0x00000000567c0000,0x00000000568c0000)]
  0x0000000054c02800 JavaThread "JDWP Event Helper Thread" daemon [_thread_blocked, id=4408, stack(0x0000000056180000,0x0000000056280000)]
  0x0000000054bf6800 JavaThread "JDWP Transport Listener: dt_socket" daemon [_thread_blocked, id=4296, stack(0x0000000056620000,0x0000000056720000)]
  0x0000000054be7000 JavaThread "Attach Listener" daemon [_thread_blocked, id=5512, stack(0x0000000055da0000,0x0000000055ea0000)]
  0x0000000054bee000 JavaThread "Signal Dispatcher" daemon [_thread_blocked, id=6696, stack(0x0000000055ab0000,0x0000000055bb0000)]
  0x0000000054bc9800 JavaThread "Finalizer" daemon [_thread_blocked, id=3332, stack(0x0000000055880000,0x0000000055980000)]
  0x0000000054b82800 JavaThread "Reference Handler" daemon [_thread_blocked, id=6784, stack(0x0000000055760000,0x0000000055860000)]
  0x00000000020d3800 JavaThread "main" [_thread_blocked, id=1420, stack(0x00000000023b0000,0x00000000024b0000)]

Other Threads:
  0x0000000054b78800 VMThread [stack: 0x00000000555e0000,0x00000000556e0000] [id=3200]
  0x0000000057105000 WatcherThread [stack: 0x0000000057af0000,0x0000000057bf0000] [id=5908]

VM state:synchronizing (normal execution)

VM Mutex/Monitor currently owned by a thread:  ([mutex/lock_event])
[0x00000000020d1580] Threads_lock - owner thread: 0x0000000054b78800
[0x00000000020d1f80] Compile_lock - owner thread: 0x0000000058719800

heap address: 0x00000000c1600000, size: 1002 MB, Compressed Oops mode: 32-bit
Narrow klass base: 0x0000000000000000, Narrow klass shift: 0
Compressed class space size: 1073741824 Address: 0x0000000014240000

Heap:
 PSYoungGen      total 72192K, used 29836K [0x00000000eb200000, 0x00000000f4000000, 0x0000000100000000)
  eden space 65536K, 36% used [0x00000000eb200000,0x00000000ec990560,0x00000000ef200000)
  from space 6656K, 85% used [0x00000000ef200000,0x00000000ef792ac8,0x00000000ef880000)
  to   space 7168K, 0% used [0x00000000f3900000,0x00000000f3900000,0x00000000f4000000)
 ParOldGen       total 44032K, used 7638K [0x00000000c1600000, 0x00000000c4100000, 0x00000000eb200000)
  object space 44032K, 17% used [0x00000000c1600000,0x00000000c1d75998,0x00000000c4100000)
 Metaspace       used 18185K, capacity 18764K, committed 18944K, reserved 1064960K
  class space    used 2287K, capacity 2438K, committed 2560K, reserved 1048576K

Card table byte_map: [0x0000000011b40000,0x0000000011d40000] byte_map_base: 0x0000000011535000

Marking Bits: (ParMarkBitMap*) 0x000000006acdaf90
 Begin Bits: [0x00000000120f0000, 0x0000000013098000)
 End Bits:   [0x0000000013098000, 0x0000000014040000)

Polling page: 0x0000000000330000

CodeCache: size=245760Kb used=6415Kb max_used=6452Kb free=239344Kb
 bounds [0x0000000002780000, 0x0000000002dd0000, 0x0000000011780000]
 total_blobs=2062 nmethods=1700 adapters=283
 compilation: enabled

Compilation events (10 events):
Event: 4.171 Thread 0x000000005705a000 1707       2       java.lang.reflect.Method::isDefault (28 bytes)
Event: 4.171 Thread 0x000000005705a000 nmethod 1707 0x0000000002db6010 code [0x0000000002db6180, 0x0000000002db6328]
Event: 4.194 Thread 0x0000000057057000 nmethod 1658 0x0000000002dc1650 code [0x0000000002dc1a00, 0x0000000002dc9868]
Event: 4.195 Thread 0x0000000057057000 1693   !   4       sun.misc.URLClassPath$JarLoader::getResource (85 bytes)
Event: 4.203 Thread 0x000000005705a000 1712       2       org.springframework.core.annotation.AnnotationsScanner::isWithoutHierarchy (112 bytes)
Event: 4.203 Thread 0x000000005705a000 nmethod 1712 0x0000000002db7550 code [0x0000000002db7700, 0x0000000002db7ab8]
Event: 4.204 Thread 0x000000005705a000 1713       2       org.springframework.core.annotation.AnnotationsScanner::getDeclaredAnnotations (166 bytes)
Event: 4.205 Thread 0x000000005705a000 nmethod 1713 0x0000000002db6790 code [0x0000000002db69a0, 0x0000000002db7038]
Event: 4.211 Thread 0x000000005705a000 1714       2       org.eclipse.jdt.launching.internal.org.objectweb.asm.Handler::getExceptionTableSize (10 bytes)
Event: 4.211 Thread 0x000000005705a000 nmethod 1714 0x0000000002dc1250 code [0x0000000002dc13a0, 0x0000000002dc1530]

GC Heap History (10 events):
Event: 1.665 GC heap before
{Heap before GC invocations=3 (full 0):
 PSYoungGen      total 18944K, used 18910K [0x00000000eb200000, 0x00000000ed700000, 0x0000000100000000)
  eden space 16384K, 99% used [0x00000000eb200000,0x00000000ec1fc008,0x00000000ec200000)
  from space 2560K, 99% used [0x00000000ec480000,0x00000000ec6fbbe0,0x00000000ec700000)
  to   space 2560K, 0% used [0x00000000ec200000,0x00000000ec200000,0x00000000ec480000)
 ParOldGen       total 44032K, used 580K [0x00000000c1600000, 0x00000000c4100000, 0x00000000eb200000)
  object space 44032K, 1% used [0x00000000c1600000,0x00000000c1691248,0x00000000c4100000)
 Metaspace       used 9272K, capacity 9524K, committed 9600K, reserved 1058816K
  class space    used 1024K, capacity 1108K, committed 1152K, reserved 1048576K
Event: 1.677 GC heap after
Heap after GC invocations=3 (full 0):
 PSYoungGen      total 18944K, used 2559K [0x00000000eb200000, 0x00000000ed700000, 0x0000000100000000)
  eden space 16384K, 0% used [0x00000000eb200000,0x00000000eb200000,0x00000000ec200000)
  from space 2560K, 99% used [0x00000000ec200000,0x00000000ec47ff38,0x00000000ec480000)
  to   space 2560K, 0% used [0x00000000ed480000,0x00000000ed480000,0x00000000ed700000)
 ParOldGen       total 44032K, used 1229K [0x00000000c1600000, 0x00000000c4100000, 0x00000000eb200000)
  object space 44032K, 2% used [0x00000000c1600000,0x00000000c1733470,0x00000000c4100000)
 Metaspace       used 9272K, capacity 9524K, committed 9600K, reserved 1058816K
  class space    used 1024K, capacity 1108K, committed 1152K, reserved 1048576K
}
Event: 1.684 GC heap before
{Heap before GC invocations=4 (full 0):
 PSYoungGen      total 18944K, used 18898K [0x00000000eb200000, 0x00000000ed700000, 0x0000000100000000)
  eden space 16384K, 99% used [0x00000000eb200000,0x00000000ec1f4b18,0x00000000ec200000)
  from space 2560K, 99% used [0x00000000ec200000,0x00000000ec47ff38,0x00000000ec480000)
  to   space 2560K, 0% used [0x00000000ed480000,0x00000000ed480000,0x00000000ed700000)
 ParOldGen       total 44032K, used 1229K [0x00000000c1600000, 0x00000000c4100000, 0x00000000eb200000)
  object space 44032K, 2% used [0x00000000c1600000,0x00000000c1733470,0x00000000c4100000)
 Metaspace       used 9272K, capacity 9524K, committed 9600K, reserved 1058816K
  class space    used 1024K, capacity 1108K, committed 1152K, reserved 1048576K
Event: 1.702 GC heap after
Heap after GC invocations=4 (full 0):
 PSYoungGen      total 35328K, used 2552K [0x00000000eb200000, 0x00000000ed700000, 0x0000000100000000)
  eden space 32768K, 0% used [0x00000000eb200000,0x00000000eb200000,0x00000000ed200000)
  from space 2560K, 99% used [0x00000000ed480000,0x00000000ed6fe3a8,0x00000000ed700000)
  to   space 2560K, 0% used [0x00000000ed200000,0x00000000ed200000,0x00000000ed480000)
 ParOldGen       total 44032K, used 1237K [0x00000000c1600000, 0x00000000c4100000, 0x00000000eb200000)
  object space 44032K, 2% used [0x00000000c1600000,0x00000000c1735470,0x00000000c4100000)
 Metaspace       used 9272K, capacity 9524K, committed 9600K, reserved 1058816K
  class space    used 1024K, capacity 1108K, committed 1152K, reserved 1048576K
}
Event: 1.858 GC heap before
{Heap before GC invocations=5 (full 0):
 PSYoungGen      total 35328K, used 35320K [0x00000000eb200000, 0x00000000ed700000, 0x0000000100000000)
  eden space 32768K, 100% used [0x00000000eb200000,0x00000000ed200000,0x00000000ed200000)
  from space 2560K, 99% used [0x00000000ed480000,0x00000000ed6fe3a8,0x00000000ed700000)
  to   space 2560K, 0% used [0x00000000ed200000,0x00000000ed200000,0x00000000ed480000)
 ParOldGen       total 44032K, used 1237K [0x00000000c1600000, 0x00000000c4100000, 0x00000000eb200000)
  object space 44032K, 2% used [0x00000000c1600000,0x00000000c1735470,0x00000000c4100000)
 Metaspace       used 9393K, capacity 9614K, committed 9856K, reserved 1058816K
  class space    used 1041K, capacity 1116K, committed 1152K, reserved 1048576K
Event: 1.876 GC heap after
Heap after GC invocations=5 (full 0):
 PSYoungGen      total 35328K, used 2539K [0x00000000eb200000, 0x00000000eff00000, 0x0000000100000000)
  eden space 32768K, 0% used [0x00000000eb200000,0x00000000eb200000,0x00000000ed200000)
  from space 2560K, 99% used [0x00000000ed200000,0x00000000ed47acb8,0x00000000ed480000)
  to   space 6656K, 0% used [0x00000000ef880000,0x00000000ef880000,0x00000000eff00000)
 ParOldGen       total 44032K, used 5630K [0x00000000c1600000, 0x00000000c4100000, 0x00000000eb200000)
  object space 44032K, 12% used [0x00000000c1600000,0x00000000c1b7f858,0x00000000c4100000)
 Metaspace       used 9393K, capacity 9614K, committed 9856K, reserved 1058816K
  class space    used 1041K, capacity 1116K, committed 1152K, reserved 1048576K
}
Event: 2.812 GC heap before
{Heap before GC invocations=6 (full 0):
 PSYoungGen      total 35328K, used 35307K [0x00000000eb200000, 0x00000000eff00000, 0x0000000100000000)
  eden space 32768K, 100% used [0x00000000eb200000,0x00000000ed200000,0x00000000ed200000)
  from space 2560K, 99% used [0x00000000ed200000,0x00000000ed47acb8,0x00000000ed480000)
  to   space 6656K, 0% used [0x00000000ef880000,0x00000000ef880000,0x00000000eff00000)
 ParOldGen       total 44032K, used 5630K [0x00000000c1600000, 0x00000000c4100000, 0x00000000eb200000)
  object space 44032K, 12% used [0x00000000c1600000,0x00000000c1b7f858,0x00000000c4100000)
 Metaspace       used 12951K, capacity 13406K, committed 13696K, reserved 1060864K
  class space    used 1500K, capacity 1624K, committed 1664K, reserved 1048576K
Event: 2.822 GC heap after
Heap after GC invocations=6 (full 0):
 PSYoungGen      total 72192K, used 5061K [0x00000000eb200000, 0x00000000eff00000, 0x0000000100000000)
  eden space 65536K, 0% used [0x00000000eb200000,0x00000000eb200000,0x00000000ef200000)
  from space 6656K, 76% used [0x00000000ef880000,0x00000000efd714b8,0x00000000eff00000)
  to   space 6656K, 0% used [0x00000000ef200000,0x00000000ef200000,0x00000000ef880000)
 ParOldGen       total 44032K, used 5638K [0x00000000c1600000, 0x00000000c4100000, 0x00000000eb200000)
  object space 44032K, 12% used [0x00000000c1600000,0x00000000c1b81858,0x00000000c4100000)
 Metaspace       used 12951K, capacity 13406K, committed 13696K, reserved 1060864K
  class space    used 1500K, capacity 1624K, committed 1664K, reserved 1048576K
}
Event: 3.883 GC heap before
{Heap before GC invocations=7 (full 0):
 PSYoungGen      total 72192K, used 70597K [0x00000000eb200000, 0x00000000eff00000, 0x0000000100000000)
  eden space 65536K, 100% used [0x00000000eb200000,0x00000000ef200000,0x00000000ef200000)
  from space 6656K, 76% used [0x00000000ef880000,0x00000000efd714b8,0x00000000eff00000)
  to   space 6656K, 0% used [0x00000000ef200000,0x00000000ef200000,0x00000000ef880000)
 ParOldGen       total 44032K, used 5638K [0x00000000c1600000, 0x00000000c4100000, 0x00000000eb200000)
  object space 44032K, 12% used [0x00000000c1600000,0x00000000c1b81858,0x00000000c4100000)
 Metaspace       used 17060K, capacity 17640K, committed 17920K, reserved 1064960K
  class space    used 2105K, capacity 2256K, committed 2304K, reserved 1048576K
Event: 3.897 GC heap after
Heap after GC invocations=7 (full 0):
 PSYoungGen      total 72192K, used 5706K [0x00000000eb200000, 0x00000000f4000000, 0x0000000100000000)
  eden space 65536K, 0% used [0x00000000eb200000,0x00000000eb200000,0x00000000ef200000)
  from space 6656K, 85% used [0x00000000ef200000,0x00000000ef792ac8,0x00000000ef880000)
  to   space 7168K, 0% used [0x00000000f3900000,0x00000000f3900000,0x00000000f4000000)
 ParOldGen       total 44032K, used 7638K [0x00000000c1600000, 0x00000000c4100000, 0x00000000eb200000)
  object space 44032K, 17% used [0x00000000c1600000,0x00000000c1d75998,0x00000000c4100000)
 Metaspace       used 17060K, capacity 17640K, committed 17920K, reserved 1064960K
  class space    used 2105K, capacity 2256K, committed 2304K, reserved 1048576K
}

Deoptimization events (10 events):
Event: 4.013 Thread 0x0000000058133800 Uncommon trap: reason=range_check action=none pc=0x0000000002c1d54c method=sun.reflect.generics.parser.SignatureParser.current()C @ 34
Event: 4.014 Thread 0x0000000058133800 Uncommon trap: reason=range_check action=none pc=0x0000000002c1d54c method=sun.reflect.generics.parser.SignatureParser.current()C @ 34
Event: 4.014 Thread 0x0000000058133800 Uncommon trap: reason=range_check action=none pc=0x0000000002c1d54c method=sun.reflect.generics.parser.SignatureParser.current()C @ 34
Event: 4.014 Thread 0x0000000058133800 Uncommon trap: reason=range_check action=none pc=0x0000000002c1d54c method=sun.reflect.generics.parser.SignatureParser.current()C @ 34
Event: 4.014 Thread 0x0000000058133800 Uncommon trap: reason=range_check action=none pc=0x0000000002c1d54c method=sun.reflect.generics.parser.SignatureParser.current()C @ 34
Event: 4.014 Thread 0x0000000058133800 Uncommon trap: reason=range_check action=none pc=0x0000000002c1d54c method=sun.reflect.generics.parser.SignatureParser.current()C @ 34
Event: 4.014 Thread 0x0000000058133800 Uncommon trap: reason=range_check action=none pc=0x0000000002c1d54c method=sun.reflect.generics.parser.SignatureParser.current()C @ 34
Event: 4.103 Thread 0x0000000058719800 Uncommon trap: reason=range_check action=none pc=0x0000000002c1d54c method=sun.reflect.generics.parser.SignatureParser.current()C @ 34
Event: 4.104 Thread 0x0000000058719800 Uncommon trap: reason=range_check action=none pc=0x0000000002c1d54c method=sun.reflect.generics.parser.SignatureParser.current()C @ 34
Event: 4.167 Thread 0x0000000058719800 Uncommon trap: reason=range_check action=none pc=0x0000000002c1d54c method=sun.reflect.generics.parser.SignatureParser.current()C @ 34

Classes redefined (0 events):
No events

Internal exceptions (10 events):
Event: 4.175 Thread 0x0000000058719800 Exception <a 'java/lang/ClassNotFoundException': org/springframework/beans/factory/support/BeanDefinitionRegistryPostProcessorCustomizer> (0x00000000ec5d3e88) thrown at [C:\jenkins\workspace\8-2-build-windows-amd64-cygwin\jdk8u251\737\hotspot\src\share\vm
Event: 4.177 Thread 0x0000000058719800 Exception <a 'java/lang/ClassNotFoundException': org/springframework/beans/factory/config/BeanFactoryPostProcessorCustomizer> (0x00000000ec606190) thrown at [C:\jenkins\workspace\8-2-build-windows-amd64-cygwin\jdk8u251\737\hotspot\src\share\vm\classfile\s
Event: 4.178 Thread 0x0000000058719800 Exception <a 'java/lang/ClassNotFoundException': org/springframework/core/PriorityOrderedCustomizer> (0x00000000ec62a708) thrown at [C:\jenkins\workspace\8-2-build-windows-amd64-cygwin\jdk8u251\737\hotspot\src\share\vm\classfile\systemDictionary.cpp, line
Event: 4.179 Thread 0x0000000058719800 Exception <a 'java/lang/ClassNotFoundException': org/springframework/core/OrderedCustomizer> (0x00000000ec649fa8) thrown at [C:\jenkins\workspace\8-2-build-windows-amd64-cygwin\jdk8u251\737\hotspot\src\share\vm\classfile\systemDictionary.cpp, line 210]
Event: 4.181 Thread 0x0000000058719800 Exception <a 'java/lang/ClassNotFoundException': org/springframework/context/ResourceLoaderAwareCustomizer> (0x00000000ec672268) thrown at [C:\jenkins\workspace\8-2-build-windows-amd64-cygwin\jdk8u251\737\hotspot\src\share\vm\classfile\systemDictionary.cp
Event: 4.182 Thread 0x0000000058719800 Exception <a 'java/lang/ClassNotFoundException': org/springframework/beans/factory/AwareCustomizer> (0x00000000ec696a38) thrown at [C:\jenkins\workspace\8-2-build-windows-amd64-cygwin\jdk8u251\737\hotspot\src\share\vm\classfile\systemDictionary.cpp, line 
Event: 4.184 Thread 0x0000000058719800 Exception <a 'java/lang/ClassNotFoundException': org/springframework/beans/factory/BeanClassLoaderAwareCustomizer> (0x00000000ec6c1e20) thrown at [C:\jenkins\workspace\8-2-build-windows-amd64-cygwin\jdk8u251\737\hotspot\src\share\vm\classfile\systemDictio
Event: 4.186 Thread 0x0000000058719800 Exception <a 'java/lang/ClassNotFoundException': org/springframework/beans/factory/AwareCustomizer> (0x00000000ec6e6680) thrown at [C:\jenkins\workspace\8-2-build-windows-amd64-cygwin\jdk8u251\737\hotspot\src\share\vm\classfile\systemDictionary.cpp, line 
Event: 4.187 Thread 0x0000000058719800 Exception <a 'java/lang/ClassNotFoundException': org/springframework/context/EnvironmentAwareCustomizer> (0x00000000ec70c640) thrown at [C:\jenkins\workspace\8-2-build-windows-amd64-cygwin\jdk8u251\737\hotspot\src\share\vm\classfile\systemDictionary.cpp, 
Event: 4.189 Thread 0x0000000058719800 Exception <a 'java/lang/ClassNotFoundException': org/springframework/beans/factory/AwareCustomizer> (0x00000000ec730d80) thrown at [C:\jenkins\workspace\8-2-build-windows-amd64-cygwin\jdk8u251\737\hotspot\src\share\vm\classfile\systemDictionary.cpp, line 

Events (10 events):
Event: 4.219 loading class org/springframework/context/annotation/ConfigurationClassParser$DeferredImportSelectorHolder done
Event: 4.219 loading class org/springframework/context/annotation/ConfigurationClassParser$ImportStack
Event: 4.219 loading class org/springframework/context/annotation/ConfigurationClassParser$ImportStack done
Event: 4.219 Thread 0x0000000058719800 DEOPT PACKING pc=0x0000000002a640b1 sp=0x00000000564cc900
Event: 4.219 Thread 0x0000000058719800 DEOPT UNPACKING pc=0x00000000027c7490 sp=0x00000000564cc650 mode 1
Event: 4.219 Thread 0x0000000058719800 DEOPT PACKING pc=0x00000000029b7f0c sp=0x00000000564cc980
Event: 4.220 Thread 0x0000000058719800 DEOPT UNPACKING pc=0x00000000027c7490 sp=0x00000000564cc7a0 mode 1
Event: 4.220 Thread 0x0000000058719800 DEOPT PACKING pc=0x00000000029b7ca4 sp=0x00000000564ccb10
Event: 4.220 Thread 0x0000000058719800 DEOPT UNPACKING pc=0x00000000027c7490 sp=0x00000000564cc930 mode 1
Event: 4.221 Executing VM operation: Deoptimize


Dynamic libraries:
0x000000013f1f0000 - 0x000000013f227000 	C:\Program Files\Java\jre1.8.0_251\bin\javaw.exe
0x0000000077a80000 - 0x0000000077c1f000 	C:\Windows\SYSTEM32\ntdll.dll
0x0000000077960000 - 0x0000000077a7f000 	C:\Windows\system32\kernel32.dll
0x000007fefd620000 - 0x000007fefd687000 	C:\Windows\system32\KERNELBASE.dll
0x000007fefe170000 - 0x000007fefe24b000 	C:\Windows\system32\ADVAPI32.dll
0x000007fefdfe0000 - 0x000007fefe07f000 	C:\Windows\system32\msvcrt.dll
0x000007fefd990000 - 0x000007fefd9af000 	C:\Windows\SYSTEM32\sechost.dll
0x000007feffc40000 - 0x000007feffd6c000 	C:\Windows\system32\RPCRT4.dll
0x0000000077860000 - 0x000000007795b000 	C:\Windows\system32\USER32.dll
0x000007fefdb90000 - 0x000007fefdbf7000 	C:\Windows\system32\GDI32.dll
0x000007fefe160000 - 0x000007fefe16e000 	C:\Windows\system32\LPK.dll
0x000007fefd9b0000 - 0x000007fefda7b000 	C:\Windows\system32\USP10.dll
0x000007fefbd90000 - 0x000007fefbf85000 	C:\Windows\WinSxS\amd64_microsoft.windows.common-controls_6595b64144ccf1df_6.0.7601.24483_none_e372d88f30fbb845\COMCTL32.dll
0x000007feffbc0000 - 0x000007feffc31000 	C:\Windows\system32\SHLWAPI.dll
0x000007fefefe0000 - 0x000007feff00e000 	C:\Windows\system32\IMM32.DLL
0x000007fefda80000 - 0x000007fefdb8b000 	C:\Windows\system32\MSCTF.dll
0x0000000074620000 - 0x00000000746f2000 	C:\Program Files\Java\jre1.8.0_251\bin\msvcr100.dll
0x000000006a4b0000 - 0x000000006ad5b000 	C:\Program Files\Java\jre1.8.0_251\bin\server\jvm.dll
0x000007fef7df0000 - 0x000007fef7df9000 	C:\Windows\system32\WSOCK32.dll
0x000007feff0a0000 - 0x000007feff0ed000 	C:\Windows\system32\WS2_32.dll
0x000007feff090000 - 0x000007feff098000 	C:\Windows\system32\NSI.dll
0x000007fefb430000 - 0x000007fefb46b000 	C:\Windows\system32\WINMM.dll
0x000007fefc6b0000 - 0x000007fefc6bc000 	C:\Windows\system32\VERSION.dll
0x0000000077c20000 - 0x0000000077c27000 	C:\Windows\system32\PSAPI.DLL
0x000007fefad30000 - 0x000007fefad3f000 	C:\Program Files\Java\jre1.8.0_251\bin\verify.dll
0x000007fef98c0000 - 0x000007fef98e9000 	C:\Program Files\Java\jre1.8.0_251\bin\java.dll
0x000007fef6a40000 - 0x000007fef6a75000 	C:\Program Files\Java\jre1.8.0_251\bin\jdwp.dll
0x000007fefad40000 - 0x000007fefad48000 	C:\Program Files\Java\jre1.8.0_251\bin\npt.dll
0x000007fef69e0000 - 0x000007fef6a03000 	C:\Program Files\Java\jre1.8.0_251\bin\instrument.dll
0x000007fef9f80000 - 0x000007fef9f96000 	C:\Program Files\Java\jre1.8.0_251\bin\zip.dll
0x000007fefe250000 - 0x000007fefefdb000 	C:\Windows\system32\SHELL32.dll
0x000007fefdc00000 - 0x000007fefddff000 	C:\Windows\system32\ole32.dll
0x000007fefd5e0000 - 0x000007fefd5ef000 	C:\Windows\system32\profapi.dll
0x000007fefa160000 - 0x000007fefa169000 	C:\Program Files\Java\jre1.8.0_251\bin\dt_socket.dll
0x000007fefb770000 - 0x000007fefb785000 	C:\Windows\system32\NLAapi.dll
0x000007fef8550000 - 0x000007fef8565000 	C:\Windows\system32\napinsp.dll
0x000007fef8530000 - 0x000007fef8549000 	C:\Windows\system32\pnrpnsp.dll
0x000007fef8520000 - 0x000007fef8530000 	C:\Windows\system32\wshbth.dll
0x000007fefcd10000 - 0x000007fefcd65000 	C:\Windows\System32\mswsock.dll
0x000007fefcb90000 - 0x000007fefcbeb000 	C:\Windows\system32\DNSAPI.dll
0x000007fef8510000 - 0x000007fef851b000 	C:\Windows\System32\winrnr.dll
0x000007fefacb0000 - 0x000007fefacd7000 	C:\Windows\system32\IPHLPAPI.DLL
0x000007fefac90000 - 0x000007fefac9b000 	C:\Windows\system32\WINNSI.DLL
0x000007fef9bd0000 - 0x000007fef9c23000 	C:\Windows\System32\fwpuclnt.dll
0x000007fef7de0000 - 0x000007fef7de8000 	C:\Windows\system32\rasadhlp.dll
0x000007fefc780000 - 0x000007fefc787000 	C:\Windows\System32\wshtcpip.dll
0x000007fef6990000 - 0x000007fef69aa000 	C:\Program Files\Java\jre1.8.0_251\bin\net.dll
0x000007fefcd00000 - 0x000007fefcd07000 	C:\Windows\System32\wship6.dll
0x000007fefa450000 - 0x000007fefa468000 	C:\Windows\system32\dhcpcsvc.DLL
0x000007fef9b80000 - 0x000007fef9b91000 	C:\Windows\system32\dhcpcsvc6.DLL
0x000007fef9e30000 - 0x000007fef9e3d000 	C:\Program Files\Java\jre1.8.0_251\bin\management.dll
0x000007fef8640000 - 0x000007fef8765000 	C:\Windows\system32\dbghelp.dll

VM Arguments:
jvm_args: -agentlib:jdwp=transport=dt_socket,suspend=y,address=localhost:54810 -javaagent:C:\spring-tool-suite-3.9.13.RELEASE-e4.16.0-win32-x86_64\sts-bundle\sts-3.9.13.RELEASE\configuration\org.eclipse.osgi\313\0\.cp\lib\javaagent-shaded.jar -Dfile.encoding=UTF-8 
java_command: com.ideas2it.vitalsignmodule.VitalmoduleApplication
java_class_path (initial): C:\Users\dell\Documents\workspace-sts-3.9.13.RELEASE\vital-sign-module\target\classes;C:\Users\dell\.m2\repository\org\springframework\boot\spring-boot-starter\2.3.5.RELEASE\spring-boot-starter-2.3.5.RELEASE.jar;C:\Users\dell\.m2\repository\org\springframework\boot\spring-boot\2.3.5.RELEASE\spring-boot-2.3.5.RELEASE.jar;C:\Users\dell\.m2\repository\org\springframework\spring-context\5.2.10.RELEASE\spring-context-5.2.10.RELEASE.jar;C:\Users\dell\.m2\repository\org\springframework\boot\spring-boot-autoconfigure\2.3.5.RELEASE\spring-boot-autoconfigure-2.3.5.RELEASE.jar;C:\Users\dell\.m2\repository\org\springframework\boot\spring-boot-starter-logging\2.3.5.RELEASE\spring-boot-starter-logging-2.3.5.RELEASE.jar;C:\Users\dell\.m2\repository\ch\qos\logback\logback-classic\1.2.3\logback-classic-1.2.3.jar;C:\Users\dell\.m2\repository\ch\qos\logback\logback-core\1.2.3\logback-core-1.2.3.jar;C:\Users\dell\.m2\repository\org\apache\logging\log4j\log4j-to-slf4j\2.13.3\log4j-to-slf4j-2.13.3.jar;C:\Users\dell\.m2\repository\org\apache\logging\log4j\log4j-api\2.13.3\log4j-api-2.13.3.jar;C:\Users\dell\.m2\repository\org\slf4j\jul-to-slf4j\1.7.30\jul-to-slf4j-1.7.30.jar;C:\Users\dell\.m2\repository\jakarta\annotation\jakarta.annotation-api\1.3.5\jakarta.annotation-api-1.3.5.jar;C:\Users\dell\.m2\repository\org\springframework\spring-core\5.2.10.RELEASE\spring-core-5.2.10.RELEASE.jar;C:\Users\dell\.m2\repository\org\springframework\spring-jcl\5.2.10.RELEASE\spring-jcl-5.2.10.RELEASE.jar;C:\Users\dell\.m2\repository\org\yaml\snakeyaml\1.26\snakeyaml-1.26.jar;C:\Users\dell\.m2\repository\org\springframework\boot\spring-boot-starter-data-jpa\2.3.5.RELEASE\spring-boot-starter-data-jpa-2.3.5.RELEASE.jar;C:\Users\dell\.m2\repository\org\springframework\boot\spring-boot-starter-jdbc\2.3.5.RELEASE\spring-boot-starter-jdbc-2.3.5.RELEASE.jar;C:\Users\dell\.m2\repository\com\zaxxer\HikariCP\3.4.5\HikariCP-3.4.5.jar;C:\Users\dell\.m2\repository\org\springframework\spri
Launcher Type: SUN_STANDARD

Environment Variables:
JAVA_HOME=C:\Program Files\Java\jdk1.8.0_251
PATH=C:/Program Files/Java/jdk1.8.0_251/bin/../jre/bin/server;C:/Program Files/Java/jdk1.8.0_251/bin/../jre/bin;C:/Program Files/Java/jdk1.8.0_251/bin/../jre/lib/amd64;C:\Program Files\Java\jdk1.8.0_251\bin;C:\Program Files (x86)\Common Files\Oracle\Java\javapath;C:\Program Files\nodejs\;C:\ProgramData\chocolatey\bin;C:\Program Files (x86)\MySQL\MySQL Server 5.5\bin;C:\vault_1.6.0_windows_amd64;C:\Program Files\Git\cmd;C:\Program Files\MySQL\MySQL Shell 8.0\bin\;C:\Program Files\Java\jdk1.8.0_251\bin;C:\Users\dell\AppData\Roaming\npm;C:\Program Files\nodejs;C:\Windows\System32;C:\Users\dell\AppData\Local\Programs\Microsoft VS Code\bin;C:\Users\dell\AppData\Local\Programs\Microsoft VS Code Insiders\bin;C:\Windows\System32\wbem;C:\Program Files\JetBrains\IntelliJ IDEA Community Edition 2020.2.3\bin;;C:\vault_1.6.0_windows_amd64;C:\Users\dell\AppData\Local\GitHubDesktop\bin;C:\spring-tool-suite-3.9.13.RELEASE-e4.16.0-win32-x86_64\sts-bundle\sts-3.9.13.RELEASE;
USERNAME=dell
OS=Windows_NT
PROCESSOR_IDENTIFIER=Intel64 Family 6 Model 61 Stepping 4, GenuineIntel



---------------  S Y S T E M  ---------------

OS: Windows 7 , 64 bit Build 7601 (6.1.7601.24545)

CPU:total 2 (initial active 2) (2 cores per cpu, 1 threads per core) family 6 model 61 stepping 4, cmov, cx8, fxsr, mmx, sse, sse2, sse3, ssse3, sse4.1, sse4.2, popcnt, clmul, erms, 3dnowpref, lzcnt, tsc, tscinvbit

Memory: 4k page, physical 4103960k(890612k free), swap 8206020k(2130228k free)

vm_info: Java HotSpot(TM) 64-Bit Server VM (25.251-b08) for windows-amd64 JRE (1.8.0_251-b08), built on Mar 12 2020 06:31:49 by "" with MS VC++ 10.0 (VS2010)

time: Mon Dec 14 11:28:37 2020
timezone: India Standard Time
elapsed time: 4 seconds (0d 0h 0m 4s)

